This file contains any messages produced by compilers while
running configure, to aid debugging if configure makes a mistake.

It was created by FULL-PACKAGE-NAME configure VERSION, which was
generated by GNU Autoconf 2.69.  Invocation command line was

  $ configure 

## --------- ##
## Platform. ##
## --------- ##

hostname = kali
uname -m = x86_64
uname -r = 5.15.0-kali3-amd64
uname -s = Linux
uname -v = #1 SMP Debian 5.15.15-2kali1 (2022-01-31)

/usr/bin/uname -p = unknown
/bin/uname -X     = unknown

/bin/arch              = x86_64
/usr/bin/arch -k       = unknown
/usr/convex/getsysinfo = unknown
/usr/bin/hostinfo      = unknown
/bin/machine           = unknown
/usr/bin/oslevel       = unknown
/bin/universe          = unknown

PATH: /home/kali/Desktop/owl/venv/bin
PATH: /usr/share/
PATH: /usr/local/sbin
PATH: /usr/local/bin
PATH: /usr/sbin
PATH: /usr/bin
PATH: /sbin
PATH: /bin
PATH: /usr/local/games
PATH: /usr/games


## ----------- ##
## Core tests. ##
## ----------- ##

configure:2446: checking for a BSD-compatible install
configure:2514: result: /usr/bin/install -c
configure:2525: checking whether build environment is sane
configure:2580: result: yes
configure:2618: WARNING: 'missing' script is too old or missing
configure:2731: checking for a thread-safe mkdir -p
configure:2770: result: /usr/bin/mkdir -p
configure:2777: checking for gawk
configure:2793: found /usr/bin/gawk
configure:2804: result: gawk
configure:2815: checking whether make sets $(MAKE)
configure:2837: result: yes
configure:2866: checking whether make supports nested variables
configure:2883: result: yes
configure:3014: checking for style of include used by make
configure:3042: result: GNU
configure:3113: checking for gcc
configure:3129: found /usr/bin/gcc
configure:3140: result: gcc
configure:3369: checking for C compiler version
configure:3378: gcc --version >&5
gcc (Debian 11.2.0-16) 11.2.0
Copyright (C) 2021 Free Software Foundation, Inc.
This is free software; see the source for copying conditions.  There is NO
warranty; not even for MERCHANTABILITY or FITNESS FOR A PARTICULAR PURPOSE.

configure:3389: $? = 0
configure:3378: gcc -v >&5
Using built-in specs.
COLLECT_GCC=gcc
COLLECT_LTO_WRAPPER=/usr/lib/gcc/x86_64-linux-gnu/11/lto-wrapper
OFFLOAD_TARGET_NAMES=nvptx-none:amdgcn-amdhsa
OFFLOAD_TARGET_DEFAULT=1
Target: x86_64-linux-gnu
Configured with: ../src/configure -v --with-pkgversion='Debian 11.2.0-16' --with-bugurl=file:///usr/share/doc/gcc-11/README.Bugs --enable-languages=c,ada,c++,go,brig,d,fortran,objc,obj-c++,m2 --prefix=/usr --with-gcc-major-version-only --program-suffix=-11 --program-prefix=x86_64-linux-gnu- --enable-shared --enable-linker-build-id --libexecdir=/usr/lib --without-included-gettext --enable-threads=posix --libdir=/usr/lib --enable-nls --enable-bootstrap --enable-clocale=gnu --enable-libstdcxx-debug --enable-libstdcxx-time=yes --with-default-libstdcxx-abi=new --enable-gnu-unique-object --disable-vtable-verify --enable-plugin --enable-default-pie --with-system-zlib --enable-libphobos-checking=release --with-target-system-zlib=auto --enable-objc-gc=auto --enable-multiarch --disable-werror --enable-cet --with-arch-32=i686 --with-abi=m64 --with-multilib-list=m32,m64,mx32 --enable-multilib --with-tune=generic --enable-offload-targets=nvptx-none=/build/gcc-11-PrvGcK/gcc-11-11.2.0/debian/tmp-nvptx/usr,amdgcn-amdhsa=/build/gcc-11-PrvGcK/gcc-11-11.2.0/debian/tmp-gcn/usr --without-cuda-driver --enable-checking=release --build=x86_64-linux-gnu --host=x86_64-linux-gnu --target=x86_64-linux-gnu --with-build-config=bootstrap-lto-lean --enable-link-serialization=2
Thread model: posix
Supported LTO compression algorithms: zlib zstd
gcc version 11.2.0 (Debian 11.2.0-16) 
... rest of stderr output deleted ...
configure:3389: $? = 0
configure:3378: gcc -V >&5
gcc: error: unrecognized command-line option '-V'
gcc: fatal error: no input files
compilation terminated.
configure:3389: $? = 1
configure:3378: gcc -qversion >&5
gcc: error: unrecognized command-line option '-qversion'; did you mean '--version'?
gcc: fatal error: no input files
compilation terminated.
configure:3389: $? = 1
configure:3409: checking whether the C compiler works
configure:3431: gcc    conftest.c  >&5
configure:3435: $? = 0
configure:3483: result: yes
configure:3486: checking for C compiler default output file name
configure:3488: result: a.out
configure:3494: checking for suffix of executables
configure:3501: gcc -o conftest    conftest.c  >&5
configure:3505: $? = 0
configure:3527: result: 
configure:3549: checking whether we are cross compiling
configure:3557: gcc -o conftest    conftest.c  >&5
configure:3561: $? = 0
configure:3568: ./conftest
configure:3572: $? = 0
configure:3587: result: no
configure:3592: checking for suffix of object files
configure:3614: gcc -c   conftest.c >&5
configure:3618: $? = 0
configure:3639: result: o
configure:3643: checking whether we are using the GNU C compiler
configure:3662: gcc -c   conftest.c >&5
configure:3662: $? = 0
configure:3671: result: yes
configure:3680: checking whether gcc accepts -g
configure:3700: gcc -c -g  conftest.c >&5
configure:3700: $? = 0
configure:3741: result: yes
configure:3758: checking for gcc option to accept ISO C89
configure:3821: gcc  -c -g -O2  conftest.c >&5
configure:3821: $? = 0
configure:3834: result: none needed
configure:3859: checking whether gcc understands -c and -o together
configure:3881: gcc -c conftest.c -o conftest2.o
configure:3884: $? = 0
configure:3881: gcc -c conftest.c -o conftest2.o
configure:3884: $? = 0
configure:3896: result: yes
configure:3915: checking dependency style of gcc
configure:4026: result: none
configure:4041: checking for gcc option to accept ISO C99
configure:4190: gcc  -c -g -O2  conftest.c >&5
configure:4190: $? = 0
configure:4203: result: none needed
configure:4223: checking build system type
configure:4237: result: x86_64-unknown-linux-gnu
configure:4257: checking host system type
configure:4270: result: x86_64-unknown-linux-gnu
configure:4303: checking whether C compiler accepts -Wall
configure:4322: gcc -c -g -O2  -Wall  conftest.c >&5
configure:4322: $? = 0
configure:4330: result: yes
configure:4343: : CFLAGS="$CFLAGS -Wall"
configure:4346: $? = 0
configure:4359: checking whether C compiler accepts -Wextra
configure:4378: gcc -c -g -O2 -Wall  -Wextra  conftest.c >&5
configure:4378: $? = 0
configure:4386: result: yes
configure:4399: : CFLAGS="$CFLAGS -Wextra"
configure:4402: $? = 0
configure:4415: checking whether C compiler accepts -Wno-missing-field-initializers
configure:4434: gcc -c -g -O2 -Wall -Wextra  -Wno-missing-field-initializers  conftest.c >&5
configure:4434: $? = 0
configure:4442: result: yes
configure:4455: : CFLAGS="$CFLAGS -Wno-missing-field-initializers"
configure:4458: $? = 0
configure:4471: checking whether C compiler accepts -Wno-unused-parameter
configure:4490: gcc -c -g -O2 -Wall -Wextra -Wno-missing-field-initializers  -Wno-unused-parameter  conftest.c >&5
configure:4490: $? = 0
configure:4498: result: yes
configure:4511: : CFLAGS="$CFLAGS -Wno-unused-parameter"
configure:4514: $? = 0
configure:4527: checking whether C compiler accepts -maes
configure:4546: gcc -c -g -O2 -Wall -Wextra -Wno-missing-field-initializers -Wno-unused-parameter  -maes  conftest.c >&5
configure:4546: $? = 0
configure:4554: result: yes
configure:4577: checking for __gmpz_init in -lgmp
configure:4602: gcc -o conftest -g -O2 -Wall -Wextra -Wno-missing-field-initializers -Wno-unused-parameter   conftest.c -lgmp   >&5
configure:4602: $? = 0
configure:4611: result: yes
configure:4633: checking for __gmpz_init in -lmpir
configure:4658: gcc -o conftest -g -O2 -Wall -Wextra -Wno-missing-field-initializers -Wno-unused-parameter   conftest.c -lmpir  -lgmp  >&5
/usr/bin/ld: cannot find -lmpir: No such file or directory
collect2: error: ld returned 1 exit status
configure:4658: $? = 1
configure: failed program was:
| /* confdefs.h */
| #define PACKAGE_NAME "FULL-PACKAGE-NAME"
| #define PACKAGE_TARNAME "full-package-name"
| #define PACKAGE_VERSION "VERSION"
| #define PACKAGE_STRING "FULL-PACKAGE-NAME VERSION"
| #define PACKAGE_BUGREPORT "BUG-REPORT-ADDRESS"
| #define PACKAGE_URL ""
| #define HAVE_MAES 1
| #define HAVE_LIBGMP 1
| /* end confdefs.h.  */
| 
| /* Override any GCC internal prototype to avoid an error.
|    Use char because int might match the return type of a GCC
|    builtin and then its argument prototype would still apply.  */
| #ifdef __cplusplus
| extern "C"
| #endif
| char __gmpz_init ();
| int
| main ()
| {
| return __gmpz_init ();
|   ;
|   return 0;
| }
configure:4667: result: no
configure:4681: checking whether mpz_powm is declared
configure:4681: gcc -c -g -O2 -Wall -Wextra -Wno-missing-field-initializers -Wno-unused-parameter  conftest.c >&5
configure:4681: $? = 0
configure:4681: result: yes
configure:4699: checking whether mpz_powm_sec is declared
configure:4699: gcc -c -g -O2 -Wall -Wextra -Wno-missing-field-initializers -Wno-unused-parameter  conftest.c >&5
configure:4699: $? = 0
configure:4699: result: yes
configure:4724: checking how to run the C preprocessor
configure:4755: gcc -E  conftest.c
configure:4755: $? = 0
configure:4769: gcc -E  conftest.c
conftest.c:13:10: fatal error: ac_nonexistent.h: No such file or directory
   13 | #include <ac_nonexistent.h>
      |          ^~~~~~~~~~~~~~~~~~
compilation terminated.
configure:4769: $? = 1
configure: failed program was:
| /* confdefs.h */
| #define PACKAGE_NAME "FULL-PACKAGE-NAME"
| #define PACKAGE_TARNAME "full-package-name"
| #define PACKAGE_VERSION "VERSION"
| #define PACKAGE_STRING "FULL-PACKAGE-NAME VERSION"
| #define PACKAGE_BUGREPORT "BUG-REPORT-ADDRESS"
| #define PACKAGE_URL ""
| #define HAVE_MAES 1
| #define HAVE_LIBGMP 1
| #define HAVE_DECL_MPZ_POWM 1
| #define HAVE_DECL_MPZ_POWM_SEC 1
| /* end confdefs.h.  */
| #include <ac_nonexistent.h>
configure:4794: result: gcc -E
configure:4814: gcc -E  conftest.c
configure:4814: $? = 0
configure:4828: gcc -E  conftest.c
conftest.c:13:10: fatal error: ac_nonexistent.h: No such file or directory
   13 | #include <ac_nonexistent.h>
      |          ^~~~~~~~~~~~~~~~~~
compilation terminated.
configure:4828: $? = 1
configure: failed program was:
| /* confdefs.h */
| #define PACKAGE_NAME "FULL-PACKAGE-NAME"
| #define PACKAGE_TARNAME "full-package-name"
| #define PACKAGE_VERSION "VERSION"
| #define PACKAGE_STRING "FULL-PACKAGE-NAME VERSION"
| #define PACKAGE_BUGREPORT "BUG-REPORT-ADDRESS"
| #define PACKAGE_URL ""
| #define HAVE_MAES 1
| #define HAVE_LIBGMP 1
| #define HAVE_DECL_MPZ_POWM 1
| #define HAVE_DECL_MPZ_POWM_SEC 1
| /* end confdefs.h.  */
| #include <ac_nonexistent.h>
configure:4857: checking for grep that handles long lines and -e
configure:4915: result: /usr/bin/grep
configure:4920: checking for egrep
configure:4982: result: /usr/bin/grep -E
configure:4987: checking for ANSI C header files
configure:5007: gcc -c -g -O2 -Wall -Wextra -Wno-missing-field-initializers -Wno-unused-parameter  conftest.c >&5
configure:5007: $? = 0
configure:5080: gcc -o conftest -g -O2 -Wall -Wextra -Wno-missing-field-initializers -Wno-unused-parameter   conftest.c -lgmp  >&5
configure:5080: $? = 0
configure:5080: ./conftest
configure:5080: $? = 0
configure:5091: result: yes
configure:5104: checking for sys/types.h
configure:5104: gcc -c -g -O2 -Wall -Wextra -Wno-missing-field-initializers -Wno-unused-parameter  conftest.c >&5
configure:5104: $? = 0
configure:5104: result: yes
configure:5104: checking for sys/stat.h
configure:5104: gcc -c -g -O2 -Wall -Wextra -Wno-missing-field-initializers -Wno-unused-parameter  conftest.c >&5
configure:5104: $? = 0
configure:5104: result: yes
configure:5104: checking for stdlib.h
configure:5104: gcc -c -g -O2 -Wall -Wextra -Wno-missing-field-initializers -Wno-unused-parameter  conftest.c >&5
configure:5104: $? = 0
configure:5104: result: yes
configure:5104: checking for string.h
configure:5104: gcc -c -g -O2 -Wall -Wextra -Wno-missing-field-initializers -Wno-unused-parameter  conftest.c >&5
configure:5104: $? = 0
configure:5104: result: yes
configure:5104: checking for memory.h
configure:5104: gcc -c -g -O2 -Wall -Wextra -Wno-missing-field-initializers -Wno-unused-parameter  conftest.c >&5
configure:5104: $? = 0
configure:5104: result: yes
configure:5104: checking for strings.h
configure:5104: gcc -c -g -O2 -Wall -Wextra -Wno-missing-field-initializers -Wno-unused-parameter  conftest.c >&5
configure:5104: $? = 0
configure:5104: result: yes
configure:5104: checking for inttypes.h
configure:5104: gcc -c -g -O2 -Wall -Wextra -Wno-missing-field-initializers -Wno-unused-parameter  conftest.c >&5
configure:5104: $? = 0
configure:5104: result: yes
configure:5104: checking for stdint.h
configure:5104: gcc -c -g -O2 -Wall -Wextra -Wno-missing-field-initializers -Wno-unused-parameter  conftest.c >&5
configure:5104: $? = 0
configure:5104: result: yes
configure:5104: checking for unistd.h
configure:5104: gcc -c -g -O2 -Wall -Wextra -Wno-missing-field-initializers -Wno-unused-parameter  conftest.c >&5
configure:5104: $? = 0
configure:5104: result: yes
configure:5119: checking for inttypes.h
configure:5119: result: yes
configure:5119: checking sys/inttypes.h usability
configure:5119: gcc -c -g -O2 -Wall -Wextra -Wno-missing-field-initializers -Wno-unused-parameter  conftest.c >&5
conftest.c:57:10: fatal error: sys/inttypes.h: No such file or directory
   57 | #include <sys/inttypes.h>
      |          ^~~~~~~~~~~~~~~~
compilation terminated.
configure:5119: $? = 1
configure: failed program was:
| /* confdefs.h */
| #define PACKAGE_NAME "FULL-PACKAGE-NAME"
| #define PACKAGE_TARNAME "full-package-name"
| #define PACKAGE_VERSION "VERSION"
| #define PACKAGE_STRING "FULL-PACKAGE-NAME VERSION"
| #define PACKAGE_BUGREPORT "BUG-REPORT-ADDRESS"
| #define PACKAGE_URL ""
| #define HAVE_MAES 1
| #define HAVE_LIBGMP 1
| #define HAVE_DECL_MPZ_POWM 1
| #define HAVE_DECL_MPZ_POWM_SEC 1
| #define STDC_HEADERS 1
| #define HAVE_SYS_TYPES_H 1
| #define HAVE_SYS_STAT_H 1
| #define HAVE_STDLIB_H 1
| #define HAVE_STRING_H 1
| #define HAVE_MEMORY_H 1
| #define HAVE_STRINGS_H 1
| #define HAVE_INTTYPES_H 1
| #define HAVE_STDINT_H 1
| #define HAVE_UNISTD_H 1
| #define HAVE_INTTYPES_H 1
| /* end confdefs.h.  */
| #include <stdio.h>
| #ifdef HAVE_SYS_TYPES_H
| # include <sys/types.h>
| #endif
| #ifdef HAVE_SYS_STAT_H
| # include <sys/stat.h>
| #endif
| #ifdef STDC_HEADERS
| # include <stdlib.h>
| # include <stddef.h>
| #else
| # ifdef HAVE_STDLIB_H
| #  include <stdlib.h>
| # endif
| #endif
| #ifdef HAVE_STRING_H
| # if !defined STDC_HEADERS && defined HAVE_MEMORY_H
| #  include <memory.h>
| # endif
| # include <string.h>
| #endif
| #ifdef HAVE_STRINGS_H
| # include <strings.h>
| #endif
| #ifdef HAVE_INTTYPES_H
| # include <inttypes.h>
| #endif
| #ifdef HAVE_STDINT_H
| # include <stdint.h>
| #endif
| #ifdef HAVE_UNISTD_H
| # include <unistd.h>
| #endif
| #include <sys/inttypes.h>
configure:5119: result: no
configure:5119: checking sys/inttypes.h presence
configure:5119: gcc -E  conftest.c
conftest.c:24:10: fatal error: sys/inttypes.h: No such file or directory
   24 | #include <sys/inttypes.h>
      |          ^~~~~~~~~~~~~~~~
compilation terminated.
configure:5119: $? = 1
configure: failed program was:
| /* confdefs.h */
| #define PACKAGE_NAME "FULL-PACKAGE-NAME"
| #define PACKAGE_TARNAME "full-package-name"
| #define PACKAGE_VERSION "VERSION"
| #define PACKAGE_STRING "FULL-PACKAGE-NAME VERSION"
| #define PACKAGE_BUGREPORT "BUG-REPORT-ADDRESS"
| #define PACKAGE_URL ""
| #define HAVE_MAES 1
| #define HAVE_LIBGMP 1
| #define HAVE_DECL_MPZ_POWM 1
| #define HAVE_DECL_MPZ_POWM_SEC 1
| #define STDC_HEADERS 1
| #define HAVE_SYS_TYPES_H 1
| #define HAVE_SYS_STAT_H 1
| #define HAVE_STDLIB_H 1
| #define HAVE_STRING_H 1
| #define HAVE_MEMORY_H 1
| #define HAVE_STRINGS_H 1
| #define HAVE_INTTYPES_H 1
| #define HAVE_STDINT_H 1
| #define HAVE_UNISTD_H 1
| #define HAVE_INTTYPES_H 1
| /* end confdefs.h.  */
| #include <sys/inttypes.h>
configure:5119: result: no
configure:5119: checking for sys/inttypes.h
configure:5119: result: no
configure:5119: checking cpuid.h usability
configure:5119: gcc -c -g -O2 -Wall -Wextra -Wno-missing-field-initializers -Wno-unused-parameter  conftest.c >&5
configure:5119: $? = 0
configure:5119: result: yes
configure:5119: checking cpuid.h presence
configure:5119: gcc -E  conftest.c
configure:5119: $? = 0
configure:5119: result: yes
configure:5119: checking for cpuid.h
configure:5119: result: yes
configure:5119: checking limits.h usability
configure:5119: gcc -c -g -O2 -Wall -Wextra -Wno-missing-field-initializers -Wno-unused-parameter  conftest.c >&5
configure:5119: $? = 0
configure:5119: result: yes
configure:5119: checking limits.h presence
configure:5119: gcc -E  conftest.c
configure:5119: $? = 0
configure:5119: result: yes
configure:5119: checking for limits.h
configure:5119: result: yes
configure:5119: checking stddef.h usability
configure:5119: gcc -c -g -O2 -Wall -Wextra -Wno-missing-field-initializers -Wno-unused-parameter  conftest.c >&5
configure:5119: $? = 0
configure:5119: result: yes
configure:5119: checking stddef.h presence
configure:5119: gcc -E  conftest.c
configure:5119: $? = 0
configure:5119: result: yes
configure:5119: checking for stddef.h
configure:5119: result: yes
configure:5119: checking for stdint.h
configure:5119: result: yes
configure:5119: checking for stdlib.h
configure:5119: result: yes
configure:5119: checking for string.h
configure:5119: result: yes
configure:5119: checking wchar.h usability
configure:5119: gcc -c -g -O2 -Wall -Wextra -Wno-missing-field-initializers -Wno-unused-parameter  conftest.c >&5
configure:5119: $? = 0
configure:5119: result: yes
configure:5119: checking wchar.h presence
configure:5119: gcc -E  conftest.c
configure:5119: $? = 0
configure:5119: result: yes
configure:5119: checking for wchar.h
configure:5119: result: yes
configure:5137: checking wmmintrin.h usability
configure:5137: gcc -c -g -O2 -Wall -Wextra -Wno-missing-field-initializers -Wno-unused-parameter  -maes conftest.c >&5
configure:5137: $? = 0
configure:5137: result: yes
configure:5137: checking wmmintrin.h presence
configure:5137: gcc -E  -maes conftest.c
configure:5137: $? = 0
configure:5137: result: yes
configure:5137: checking for wmmintrin.h
configure:5137: result: yes
configure:5150: checking for inline
configure:5166: gcc -c -g -O2 -Wall -Wextra -Wno-missing-field-initializers -Wno-unused-parameter  conftest.c >&5
configure:5166: $? = 0
configure:5174: result: inline
configure:5192: checking for int16_t
configure:5192: gcc -c -g -O2 -Wall -Wextra -Wno-missing-field-initializers -Wno-unused-parameter  conftest.c >&5
configure:5192: $? = 0
configure:5192: gcc -c -g -O2 -Wall -Wextra -Wno-missing-field-initializers -Wno-unused-parameter  conftest.c >&5
conftest.c: In function 'main':
conftest.c:69:12: error: size of array 'test_array' is negative
   69 | static int test_array [1 - 2 * !((int16_t) (((((int16_t) 1 << N) << N) - 1) * 2 + 1)
      |            ^~~~~~~~~~
configure:5192: $? = 1
configure: failed program was:
| /* confdefs.h */
| #define PACKAGE_NAME "FULL-PACKAGE-NAME"
| #define PACKAGE_TARNAME "full-package-name"
| #define PACKAGE_VERSION "VERSION"
| #define PACKAGE_STRING "FULL-PACKAGE-NAME VERSION"
| #define PACKAGE_BUGREPORT "BUG-REPORT-ADDRESS"
| #define PACKAGE_URL ""
| #define HAVE_MAES 1
| #define HAVE_LIBGMP 1
| #define HAVE_DECL_MPZ_POWM 1
| #define HAVE_DECL_MPZ_POWM_SEC 1
| #define STDC_HEADERS 1
| #define HAVE_SYS_TYPES_H 1
| #define HAVE_SYS_STAT_H 1
| #define HAVE_STDLIB_H 1
| #define HAVE_STRING_H 1
| #define HAVE_MEMORY_H 1
| #define HAVE_STRINGS_H 1
| #define HAVE_INTTYPES_H 1
| #define HAVE_STDINT_H 1
| #define HAVE_UNISTD_H 1
| #define HAVE_INTTYPES_H 1
| #define HAVE_CPUID_H 1
| #define HAVE_LIMITS_H 1
| #define HAVE_STDDEF_H 1
| #define HAVE_STDINT_H 1
| #define HAVE_STDLIB_H 1
| #define HAVE_STRING_H 1
| #define HAVE_WCHAR_H 1
| #define HAVE_WMMINTRIN_H 1
| /* end confdefs.h.  */
| #include <stdio.h>
| #ifdef HAVE_SYS_TYPES_H
| # include <sys/types.h>
| #endif
| #ifdef HAVE_SYS_STAT_H
| # include <sys/stat.h>
| #endif
| #ifdef STDC_HEADERS
| # include <stdlib.h>
| # include <stddef.h>
| #else
| # ifdef HAVE_STDLIB_H
| #  include <stdlib.h>
| # endif
| #endif
| #ifdef HAVE_STRING_H
| # if !defined STDC_HEADERS && defined HAVE_MEMORY_H
| #  include <memory.h>
| # endif
| # include <string.h>
| #endif
| #ifdef HAVE_STRINGS_H
| # include <strings.h>
| #endif
| #ifdef HAVE_INTTYPES_H
| # include <inttypes.h>
| #endif
| #ifdef HAVE_STDINT_H
| # include <stdint.h>
| #endif
| #ifdef HAVE_UNISTD_H
| # include <unistd.h>
| #endif
| 	        enum { N = 16 / 2 - 1 };
| int
| main ()
| {
| static int test_array [1 - 2 * !((int16_t) (((((int16_t) 1 << N) << N) - 1) * 2 + 1)
| 		 < (int16_t) (((((int16_t) 1 << N) << N) - 1) * 2 + 2))];
| test_array [0] = 0;
| return test_array [0];
| 
|   ;
|   return 0;
| }
configure:5192: result: yes
configure:5203: checking for int32_t
configure:5203: gcc -c -g -O2 -Wall -Wextra -Wno-missing-field-initializers -Wno-unused-parameter  conftest.c >&5
configure:5203: $? = 0
configure:5203: gcc -c -g -O2 -Wall -Wextra -Wno-missing-field-initializers -Wno-unused-parameter  conftest.c >&5
conftest.c: In function 'main':
conftest.c:70:67: warning: integer overflow in expression of type 'int' results in '-2147483648' [-Woverflow]
   70 |                  < (int32_t) (((((int32_t) 1 << N) << N) - 1) * 2 + 2))];
      |                                                                   ^
conftest.c:69:12: error: storage size of 'test_array' isn't constant
   69 | static int test_array [1 - 2 * !((int32_t) (((((int32_t) 1 << N) << N) - 1) * 2 + 1)
      |            ^~~~~~~~~~
conftest.c:69:12: warning: unused variable 'test_array' [-Wunused-variable]
configure:5203: $? = 1
configure: failed program was:
| /* confdefs.h */
| #define PACKAGE_NAME "FULL-PACKAGE-NAME"
| #define PACKAGE_TARNAME "full-package-name"
| #define PACKAGE_VERSION "VERSION"
| #define PACKAGE_STRING "FULL-PACKAGE-NAME VERSION"
| #define PACKAGE_BUGREPORT "BUG-REPORT-ADDRESS"
| #define PACKAGE_URL ""
| #define HAVE_MAES 1
| #define HAVE_LIBGMP 1
| #define HAVE_DECL_MPZ_POWM 1
| #define HAVE_DECL_MPZ_POWM_SEC 1
| #define STDC_HEADERS 1
| #define HAVE_SYS_TYPES_H 1
| #define HAVE_SYS_STAT_H 1
| #define HAVE_STDLIB_H 1
| #define HAVE_STRING_H 1
| #define HAVE_MEMORY_H 1
| #define HAVE_STRINGS_H 1
| #define HAVE_INTTYPES_H 1
| #define HAVE_STDINT_H 1
| #define HAVE_UNISTD_H 1
| #define HAVE_INTTYPES_H 1
| #define HAVE_CPUID_H 1
| #define HAVE_LIMITS_H 1
| #define HAVE_STDDEF_H 1
| #define HAVE_STDINT_H 1
| #define HAVE_STDLIB_H 1
| #define HAVE_STRING_H 1
| #define HAVE_WCHAR_H 1
| #define HAVE_WMMINTRIN_H 1
| /* end confdefs.h.  */
| #include <stdio.h>
| #ifdef HAVE_SYS_TYPES_H
| # include <sys/types.h>
| #endif
| #ifdef HAVE_SYS_STAT_H
| # include <sys/stat.h>
| #endif
| #ifdef STDC_HEADERS
| # include <stdlib.h>
| # include <stddef.h>
| #else
| # ifdef HAVE_STDLIB_H
| #  include <stdlib.h>
| # endif
| #endif
| #ifdef HAVE_STRING_H
| # if !defined STDC_HEADERS && defined HAVE_MEMORY_H
| #  include <memory.h>
| # endif
| # include <string.h>
| #endif
| #ifdef HAVE_STRINGS_H
| # include <strings.h>
| #endif
| #ifdef HAVE_INTTYPES_H
| # include <inttypes.h>
| #endif
| #ifdef HAVE_STDINT_H
| # include <stdint.h>
| #endif
| #ifdef HAVE_UNISTD_H
| # include <unistd.h>
| #endif
| 	        enum { N = 32 / 2 - 1 };
| int
| main ()
| {
| static int test_array [1 - 2 * !((int32_t) (((((int32_t) 1 << N) << N) - 1) * 2 + 1)
| 		 < (int32_t) (((((int32_t) 1 << N) << N) - 1) * 2 + 2))];
| test_array [0] = 0;
| return test_array [0];
| 
|   ;
|   return 0;
| }
configure:5203: result: yes
configure:5214: checking for int64_t
configure:5214: gcc -c -g -O2 -Wall -Wextra -Wno-missing-field-initializers -Wno-unused-parameter  conftest.c >&5
configure:5214: $? = 0
configure:5214: gcc -c -g -O2 -Wall -Wextra -Wno-missing-field-initializers -Wno-unused-parameter  conftest.c >&5
conftest.c: In function 'main':
conftest.c:70:67: warning: integer overflow in expression of type 'long int' results in '-9223372036854775808' [-Woverflow]
   70 |                  < (int64_t) (((((int64_t) 1 << N) << N) - 1) * 2 + 2))];
      |                                                                   ^
conftest.c:69:12: error: storage size of 'test_array' isn't constant
   69 | static int test_array [1 - 2 * !((int64_t) (((((int64_t) 1 << N) << N) - 1) * 2 + 1)
      |            ^~~~~~~~~~
conftest.c:69:12: warning: unused variable 'test_array' [-Wunused-variable]
configure:5214: $? = 1
configure: failed program was:
| /* confdefs.h */
| #define PACKAGE_NAME "FULL-PACKAGE-NAME"
| #define PACKAGE_TARNAME "full-package-name"
| #define PACKAGE_VERSION "VERSION"
| #define PACKAGE_STRING "FULL-PACKAGE-NAME VERSION"
| #define PACKAGE_BUGREPORT "BUG-REPORT-ADDRESS"
| #define PACKAGE_URL ""
| #define HAVE_MAES 1
| #define HAVE_LIBGMP 1
| #define HAVE_DECL_MPZ_POWM 1
| #define HAVE_DECL_MPZ_POWM_SEC 1
| #define STDC_HEADERS 1
| #define HAVE_SYS_TYPES_H 1
| #define HAVE_SYS_STAT_H 1
| #define HAVE_STDLIB_H 1
| #define HAVE_STRING_H 1
| #define HAVE_MEMORY_H 1
| #define HAVE_STRINGS_H 1
| #define HAVE_INTTYPES_H 1
| #define HAVE_STDINT_H 1
| #define HAVE_UNISTD_H 1
| #define HAVE_INTTYPES_H 1
| #define HAVE_CPUID_H 1
| #define HAVE_LIMITS_H 1
| #define HAVE_STDDEF_H 1
| #define HAVE_STDINT_H 1
| #define HAVE_STDLIB_H 1
| #define HAVE_STRING_H 1
| #define HAVE_WCHAR_H 1
| #define HAVE_WMMINTRIN_H 1
| /* end confdefs.h.  */
| #include <stdio.h>
| #ifdef HAVE_SYS_TYPES_H
| # include <sys/types.h>
| #endif
| #ifdef HAVE_SYS_STAT_H
| # include <sys/stat.h>
| #endif
| #ifdef STDC_HEADERS
| # include <stdlib.h>
| # include <stddef.h>
| #else
| # ifdef HAVE_STDLIB_H
| #  include <stdlib.h>
| # endif
| #endif
| #ifdef HAVE_STRING_H
| # if !defined STDC_HEADERS && defined HAVE_MEMORY_H
| #  include <memory.h>
| # endif
| # include <string.h>
| #endif
| #ifdef HAVE_STRINGS_H
| # include <strings.h>
| #endif
| #ifdef HAVE_INTTYPES_H
| # include <inttypes.h>
| #endif
| #ifdef HAVE_STDINT_H
| # include <stdint.h>
| #endif
| #ifdef HAVE_UNISTD_H
| # include <unistd.h>
| #endif
| 	        enum { N = 64 / 2 - 1 };
| int
| main ()
| {
| static int test_array [1 - 2 * !((int64_t) (((((int64_t) 1 << N) << N) - 1) * 2 + 1)
| 		 < (int64_t) (((((int64_t) 1 << N) << N) - 1) * 2 + 2))];
| test_array [0] = 0;
| return test_array [0];
| 
|   ;
|   return 0;
| }
configure:5214: result: yes
configure:5225: checking for int8_t
configure:5225: gcc -c -g -O2 -Wall -Wextra -Wno-missing-field-initializers -Wno-unused-parameter  conftest.c >&5
configure:5225: $? = 0
configure:5225: gcc -c -g -O2 -Wall -Wextra -Wno-missing-field-initializers -Wno-unused-parameter  conftest.c >&5
conftest.c: In function 'main':
conftest.c:69:12: error: size of array 'test_array' is negative
   69 | static int test_array [1 - 2 * !((int8_t) (((((int8_t) 1 << N) << N) - 1) * 2 + 1)
      |            ^~~~~~~~~~
configure:5225: $? = 1
configure: failed program was:
| /* confdefs.h */
| #define PACKAGE_NAME "FULL-PACKAGE-NAME"
| #define PACKAGE_TARNAME "full-package-name"
| #define PACKAGE_VERSION "VERSION"
| #define PACKAGE_STRING "FULL-PACKAGE-NAME VERSION"
| #define PACKAGE_BUGREPORT "BUG-REPORT-ADDRESS"
| #define PACKAGE_URL ""
| #define HAVE_MAES 1
| #define HAVE_LIBGMP 1
| #define HAVE_DECL_MPZ_POWM 1
| #define HAVE_DECL_MPZ_POWM_SEC 1
| #define STDC_HEADERS 1
| #define HAVE_SYS_TYPES_H 1
| #define HAVE_SYS_STAT_H 1
| #define HAVE_STDLIB_H 1
| #define HAVE_STRING_H 1
| #define HAVE_MEMORY_H 1
| #define HAVE_STRINGS_H 1
| #define HAVE_INTTYPES_H 1
| #define HAVE_STDINT_H 1
| #define HAVE_UNISTD_H 1
| #define HAVE_INTTYPES_H 1
| #define HAVE_CPUID_H 1
| #define HAVE_LIMITS_H 1
| #define HAVE_STDDEF_H 1
| #define HAVE_STDINT_H 1
| #define HAVE_STDLIB_H 1
| #define HAVE_STRING_H 1
| #define HAVE_WCHAR_H 1
| #define HAVE_WMMINTRIN_H 1
| /* end confdefs.h.  */
| #include <stdio.h>
| #ifdef HAVE_SYS_TYPES_H
| # include <sys/types.h>
| #endif
| #ifdef HAVE_SYS_STAT_H
| # include <sys/stat.h>
| #endif
| #ifdef STDC_HEADERS
| # include <stdlib.h>
| # include <stddef.h>
| #else
| # ifdef HAVE_STDLIB_H
| #  include <stdlib.h>
| # endif
| #endif
| #ifdef HAVE_STRING_H
| # if !defined STDC_HEADERS && defined HAVE_MEMORY_H
| #  include <memory.h>
| # endif
| # include <string.h>
| #endif
| #ifdef HAVE_STRINGS_H
| # include <strings.h>
| #endif
| #ifdef HAVE_INTTYPES_H
| # include <inttypes.h>
| #endif
| #ifdef HAVE_STDINT_H
| # include <stdint.h>
| #endif
| #ifdef HAVE_UNISTD_H
| # include <unistd.h>
| #endif
| 	        enum { N = 8 / 2 - 1 };
| int
| main ()
| {
| static int test_array [1 - 2 * !((int8_t) (((((int8_t) 1 << N) << N) - 1) * 2 + 1)
| 		 < (int8_t) (((((int8_t) 1 << N) << N) - 1) * 2 + 2))];
| test_array [0] = 0;
| return test_array [0];
| 
|   ;
|   return 0;
| }
configure:5225: result: yes
configure:5236: checking for size_t
configure:5236: gcc -c -g -O2 -Wall -Wextra -Wno-missing-field-initializers -Wno-unused-parameter  conftest.c >&5
configure:5236: $? = 0
configure:5236: gcc -c -g -O2 -Wall -Wextra -Wno-missing-field-initializers -Wno-unused-parameter  conftest.c >&5
conftest.c: In function 'main':
conftest.c:68:21: error: expected expression before ')' token
   68 | if (sizeof ((size_t)))
      |                     ^
configure:5236: $? = 1
configure: failed program was:
| /* confdefs.h */
| #define PACKAGE_NAME "FULL-PACKAGE-NAME"
| #define PACKAGE_TARNAME "full-package-name"
| #define PACKAGE_VERSION "VERSION"
| #define PACKAGE_STRING "FULL-PACKAGE-NAME VERSION"
| #define PACKAGE_BUGREPORT "BUG-REPORT-ADDRESS"
| #define PACKAGE_URL ""
| #define HAVE_MAES 1
| #define HAVE_LIBGMP 1
| #define HAVE_DECL_MPZ_POWM 1
| #define HAVE_DECL_MPZ_POWM_SEC 1
| #define STDC_HEADERS 1
| #define HAVE_SYS_TYPES_H 1
| #define HAVE_SYS_STAT_H 1
| #define HAVE_STDLIB_H 1
| #define HAVE_STRING_H 1
| #define HAVE_MEMORY_H 1
| #define HAVE_STRINGS_H 1
| #define HAVE_INTTYPES_H 1
| #define HAVE_STDINT_H 1
| #define HAVE_UNISTD_H 1
| #define HAVE_INTTYPES_H 1
| #define HAVE_CPUID_H 1
| #define HAVE_LIMITS_H 1
| #define HAVE_STDDEF_H 1
| #define HAVE_STDINT_H 1
| #define HAVE_STDLIB_H 1
| #define HAVE_STRING_H 1
| #define HAVE_WCHAR_H 1
| #define HAVE_WMMINTRIN_H 1
| /* end confdefs.h.  */
| #include <stdio.h>
| #ifdef HAVE_SYS_TYPES_H
| # include <sys/types.h>
| #endif
| #ifdef HAVE_SYS_STAT_H
| # include <sys/stat.h>
| #endif
| #ifdef STDC_HEADERS
| # include <stdlib.h>
| # include <stddef.h>
| #else
| # ifdef HAVE_STDLIB_H
| #  include <stdlib.h>
| # endif
| #endif
| #ifdef HAVE_STRING_H
| # if !defined STDC_HEADERS && defined HAVE_MEMORY_H
| #  include <memory.h>
| # endif
| # include <string.h>
| #endif
| #ifdef HAVE_STRINGS_H
| # include <strings.h>
| #endif
| #ifdef HAVE_INTTYPES_H
| # include <inttypes.h>
| #endif
| #ifdef HAVE_STDINT_H
| # include <stdint.h>
| #endif
| #ifdef HAVE_UNISTD_H
| # include <unistd.h>
| #endif
| int
| main ()
| {
| if (sizeof ((size_t)))
| 	    return 0;
|   ;
|   return 0;
| }
configure:5236: result: yes
configure:5247: checking for uint16_t
configure:5247: gcc -c -g -O2 -Wall -Wextra -Wno-missing-field-initializers -Wno-unused-parameter  conftest.c >&5
configure:5247: $? = 0
configure:5247: result: yes
configure:5259: checking for uint32_t
configure:5259: gcc -c -g -O2 -Wall -Wextra -Wno-missing-field-initializers -Wno-unused-parameter  conftest.c >&5
configure:5259: $? = 0
configure:5259: result: yes
configure:5273: checking for uint64_t
configure:5273: gcc -c -g -O2 -Wall -Wextra -Wno-missing-field-initializers -Wno-unused-parameter  conftest.c >&5
configure:5273: $? = 0
configure:5273: result: yes
configure:5287: checking for uint8_t
configure:5287: gcc -c -g -O2 -Wall -Wextra -Wno-missing-field-initializers -Wno-unused-parameter  conftest.c >&5
configure:5287: $? = 0
configure:5287: result: yes
configure:5302: checking for uintptr_t
configure:5302: gcc -c -g -O2 -Wall -Wextra -Wno-missing-field-initializers -Wno-unused-parameter  conftest.c >&5
configure:5302: $? = 0
configure:5302: gcc -c -g -O2 -Wall -Wextra -Wno-missing-field-initializers -Wno-unused-parameter  conftest.c >&5
conftest.c: In function 'main':
conftest.c:68:24: error: expected expression before ')' token
   68 | if (sizeof ((uintptr_t)))
      |                        ^
configure:5302: $? = 1
configure: failed program was:
| /* confdefs.h */
| #define PACKAGE_NAME "FULL-PACKAGE-NAME"
| #define PACKAGE_TARNAME "full-package-name"
| #define PACKAGE_VERSION "VERSION"
| #define PACKAGE_STRING "FULL-PACKAGE-NAME VERSION"
| #define PACKAGE_BUGREPORT "BUG-REPORT-ADDRESS"
| #define PACKAGE_URL ""
| #define HAVE_MAES 1
| #define HAVE_LIBGMP 1
| #define HAVE_DECL_MPZ_POWM 1
| #define HAVE_DECL_MPZ_POWM_SEC 1
| #define STDC_HEADERS 1
| #define HAVE_SYS_TYPES_H 1
| #define HAVE_SYS_STAT_H 1
| #define HAVE_STDLIB_H 1
| #define HAVE_STRING_H 1
| #define HAVE_MEMORY_H 1
| #define HAVE_STRINGS_H 1
| #define HAVE_INTTYPES_H 1
| #define HAVE_STDINT_H 1
| #define HAVE_UNISTD_H 1
| #define HAVE_INTTYPES_H 1
| #define HAVE_CPUID_H 1
| #define HAVE_LIMITS_H 1
| #define HAVE_STDDEF_H 1
| #define HAVE_STDINT_H 1
| #define HAVE_STDLIB_H 1
| #define HAVE_STRING_H 1
| #define HAVE_WCHAR_H 1
| #define HAVE_WMMINTRIN_H 1
| /* end confdefs.h.  */
| #include <stdio.h>
| #ifdef HAVE_SYS_TYPES_H
| # include <sys/types.h>
| #endif
| #ifdef HAVE_SYS_STAT_H
| # include <sys/stat.h>
| #endif
| #ifdef STDC_HEADERS
| # include <stdlib.h>
| # include <stddef.h>
| #else
| # ifdef HAVE_STDLIB_H
| #  include <stdlib.h>
| # endif
| #endif
| #ifdef HAVE_STRING_H
| # if !defined STDC_HEADERS && defined HAVE_MEMORY_H
| #  include <memory.h>
| # endif
| # include <string.h>
| #endif
| #ifdef HAVE_STRINGS_H
| # include <strings.h>
| #endif
| #ifdef HAVE_INTTYPES_H
| # include <inttypes.h>
| #endif
| #ifdef HAVE_STDINT_H
| # include <stdint.h>
| #endif
| #ifdef HAVE_UNISTD_H
| # include <unistd.h>
| #endif
| int
| main ()
| {
| if (sizeof ((uintptr_t)))
| 	    return 0;
|   ;
|   return 0;
| }
configure:5302: result: yes
configure:5342: checking for stdlib.h
configure:5342: result: yes
configure:5352: checking for GNU libc compatible malloc
configure:5376: gcc -o conftest -g -O2 -Wall -Wextra -Wno-missing-field-initializers -Wno-unused-parameter   conftest.c -lgmp  >&5
configure:5376: $? = 0
configure:5376: ./conftest
configure:5376: $? = 0
configure:5386: result: yes
configure:5410: checking for memmove
configure:5410: gcc -o conftest -g -O2 -Wall -Wextra -Wno-missing-field-initializers -Wno-unused-parameter   conftest.c -lgmp  >&5
conftest.c:58:6: warning: conflicting types for built-in function 'memmove'; expected 'void *(void *, const void *, long unsigned int)' [-Wbuiltin-declaration-mismatch]
   58 | char memmove ();
      |      ^~~~~~~
conftest.c:46:1: note: 'memmove' is declared in header '<string.h>'
   45 | # include <limits.h>
   46 | #else
configure:5410: $? = 0
configure:5410: result: yes
configure:5410: checking for memset
configure:5410: gcc -o conftest -g -O2 -Wall -Wextra -Wno-missing-field-initializers -Wno-unused-parameter   conftest.c -lgmp  >&5
conftest.c:59:6: warning: conflicting types for built-in function 'memset'; expected 'void *(void *, int,  long unsigned int)' [-Wbuiltin-declaration-mismatch]
   59 | char memset ();
      |      ^~~~~~
conftest.c:47:1: note: 'memset' is declared in header '<string.h>'
   46 | # include <limits.h>
   47 | #else
configure:5410: $? = 0
configure:5410: result: yes
configure:5422: checking for posix_memalign
configure:5422: gcc -o conftest -g -O2 -Wall -Wextra -Wno-missing-field-initializers -Wno-unused-parameter   conftest.c -lgmp  >&5
conftest.c:60:6: warning: conflicting types for built-in function 'posix_memalign'; expected 'int(void **, long unsigned int,  long unsigned int)' [-Wbuiltin-declaration-mismatch]
   60 | char posix_memalign ();
      |      ^~~~~~~~~~~~~~
configure:5422: $? = 0
configure:5422: result: yes
configure:5422: checking for aligned_alloc
configure:5422: gcc -o conftest -g -O2 -Wall -Wextra -Wno-missing-field-initializers -Wno-unused-parameter   conftest.c -lgmp  >&5
conftest.c:61:6: warning: conflicting types for built-in function 'aligned_alloc'; expected 'void *(long unsigned int,  long unsigned int)' [-Wbuiltin-declaration-mismatch]
   61 | char aligned_alloc ();
      |      ^~~~~~~~~~~~~
conftest.c:49:1: note: 'aligned_alloc' is declared in header '<stdlib.h>'
   48 | # include <limits.h>
   49 | #else
configure:5422: $? = 0
configure:5422: result: yes
configure:5422: checking for _aligned_malloc
configure:5422: gcc -o conftest -g -O2 -Wall -Wextra -Wno-missing-field-initializers -Wno-unused-parameter   conftest.c -lgmp  >&5
/usr/bin/ld: /tmp/cct7k8m7.o: in function `main':
/home/kali/Desktop/HTB/support/pycrypto/conftest.c:73: undefined reference to `_aligned_malloc'
collect2: error: ld returned 1 exit status
configure:5422: $? = 1
configure: failed program was:
| /* confdefs.h */
| #define PACKAGE_NAME "FULL-PACKAGE-NAME"
| #define PACKAGE_TARNAME "full-package-name"
| #define PACKAGE_VERSION "VERSION"
| #define PACKAGE_STRING "FULL-PACKAGE-NAME VERSION"
| #define PACKAGE_BUGREPORT "BUG-REPORT-ADDRESS"
| #define PACKAGE_URL ""
| #define HAVE_MAES 1
| #define HAVE_LIBGMP 1
| #define HAVE_DECL_MPZ_POWM 1
| #define HAVE_DECL_MPZ_POWM_SEC 1
| #define STDC_HEADERS 1
| #define HAVE_SYS_TYPES_H 1
| #define HAVE_SYS_STAT_H 1
| #define HAVE_STDLIB_H 1
| #define HAVE_STRING_H 1
| #define HAVE_MEMORY_H 1
| #define HAVE_STRINGS_H 1
| #define HAVE_INTTYPES_H 1
| #define HAVE_STDINT_H 1
| #define HAVE_UNISTD_H 1
| #define HAVE_INTTYPES_H 1
| #define HAVE_CPUID_H 1
| #define HAVE_LIMITS_H 1
| #define HAVE_STDDEF_H 1
| #define HAVE_STDINT_H 1
| #define HAVE_STDLIB_H 1
| #define HAVE_STRING_H 1
| #define HAVE_WCHAR_H 1
| #define HAVE_WMMINTRIN_H 1
| #define HAVE_UINTPTR_T 1
| #define HAVE_STDLIB_H 1
| #define HAVE_MALLOC 1
| #define HAVE_MEMMOVE 1
| #define HAVE_MEMSET 1
| #define HAVE_POSIX_MEMALIGN 1
| #define HAVE_ALIGNED_ALLOC 1
| /* end confdefs.h.  */
| /* Define _aligned_malloc to an innocuous variant, in case <limits.h> declares _aligned_malloc.
|    For example, HP-UX 11i <limits.h> declares gettimeofday.  */
| #define _aligned_malloc innocuous__aligned_malloc
| 
| /* System header to define __stub macros and hopefully few prototypes,
|     which can conflict with char _aligned_malloc (); below.
|     Prefer <limits.h> to <assert.h> if __STDC__ is defined, since
|     <limits.h> exists even on freestanding compilers.  */
| 
| #ifdef __STDC__
| # include <limits.h>
| #else
| # include <assert.h>
| #endif
| 
| #undef _aligned_malloc
| 
| /* Override any GCC internal prototype to avoid an error.
|    Use char because int might match the return type of a GCC
|    builtin and then its argument prototype would still apply.  */
| #ifdef __cplusplus
| extern "C"
| #endif
| char _aligned_malloc ();
| /* The GNU C library defines this for functions which it implements
|     to always fail with ENOSYS.  Some functions are actually named
|     something starting with __ and the normal name is an alias.  */
| #if defined __stub__aligned_malloc || defined __stub____aligned_malloc
| choke me
| #endif
| 
| int
| main ()
| {
| return _aligned_malloc ();
|   ;
|   return 0;
| }
configure:5422: result: no
configure:5533: checking that generated files are newer than configure
configure:5539: result: done
configure:5562: creating ./config.status

## ---------------------- ##
## Running config.status. ##
## ---------------------- ##

This file was extended by FULL-PACKAGE-NAME config.status VERSION, which was
generated by GNU Autoconf 2.69.  Invocation command line was

  CONFIG_FILES    = 
  CONFIG_HEADERS  = 
  CONFIG_LINKS    = 
  CONFIG_COMMANDS = 
  $ ./config.status 

on kali

config.status:878: creating buildenv
config.status:878: creating src/config.h
config.status:1107: executing depfiles commands

## ---------------- ##
## Cache variables. ##
## ---------------- ##

ac_cv_build=x86_64-unknown-linux-gnu
ac_cv_c_compiler_gnu=yes
ac_cv_c_inline=inline
ac_cv_c_int16_t=yes
ac_cv_c_int32_t=yes
ac_cv_c_int64_t=yes
ac_cv_c_int8_t=yes
ac_cv_c_uint16_t=yes
ac_cv_c_uint32_t=yes
ac_cv_c_uint64_t=yes
ac_cv_c_uint8_t=yes
ac_cv_env_CC_set=
ac_cv_env_CC_value=
ac_cv_env_CFLAGS_set=
ac_cv_env_CFLAGS_value=
ac_cv_env_CPPFLAGS_set=
ac_cv_env_CPPFLAGS_value=
ac_cv_env_CPP_set=
ac_cv_env_CPP_value=
ac_cv_env_LDFLAGS_set=
ac_cv_env_LDFLAGS_value=
ac_cv_env_LIBS_set=
ac_cv_env_LIBS_value=
ac_cv_env_build_alias_set=
ac_cv_env_build_alias_value=
ac_cv_env_host_alias_set=
ac_cv_env_host_alias_value=
ac_cv_env_target_alias_set=
ac_cv_env_target_alias_value=
ac_cv_func__aligned_malloc=no
ac_cv_func_aligned_alloc=yes
ac_cv_func_malloc_0_nonnull=yes
ac_cv_func_memmove=yes
ac_cv_func_memset=yes
ac_cv_func_posix_memalign=yes
ac_cv_have_decl_mpz_powm=yes
ac_cv_have_decl_mpz_powm_sec=yes
ac_cv_header_cpuid_h=yes
ac_cv_header_inttypes_h=yes
ac_cv_header_limits_h=yes
ac_cv_header_memory_h=yes
ac_cv_header_stdc=yes
ac_cv_header_stddef_h=yes
ac_cv_header_stdint_h=yes
ac_cv_header_stdlib_h=yes
ac_cv_header_string_h=yes
ac_cv_header_strings_h=yes
ac_cv_header_sys_inttypes_h=no
ac_cv_header_sys_stat_h=yes
ac_cv_header_sys_types_h=yes
ac_cv_header_unistd_h=yes
ac_cv_header_wchar_h=yes
ac_cv_header_wmmintrin_h=yes
ac_cv_host=x86_64-unknown-linux-gnu
ac_cv_lib_gmp___gmpz_init=yes
ac_cv_lib_mpir___gmpz_init=no
ac_cv_objext=o
ac_cv_path_EGREP='/usr/bin/grep -E'
ac_cv_path_GREP=/usr/bin/grep
ac_cv_path_install='/usr/bin/install -c'
ac_cv_path_mkdir=/usr/bin/mkdir
ac_cv_prog_AWK=gawk
ac_cv_prog_CPP='gcc -E'
ac_cv_prog_ac_ct_CC=gcc
ac_cv_prog_cc_c89=
ac_cv_prog_cc_c99=
ac_cv_prog_cc_g=yes
ac_cv_prog_make_make_set=yes
ac_cv_type_size_t=yes
ac_cv_type_uintptr_t=yes
am_cv_CC_dependencies_compiler_type=none
am_cv_make_support_nested_variables=yes
am_cv_prog_cc_c_o=yes
ax_cv_check_cflags___Wall=yes
ax_cv_check_cflags___Wextra=yes
ax_cv_check_cflags___Wno_missing_field_initializers=yes
ax_cv_check_cflags___Wno_unused_parameter=yes
ax_cv_check_cflags___maes=yes

## ----------------- ##
## Output variables. ##
## ----------------- ##

ACLOCAL='aclocal-1.14'
AMDEPBACKSLASH='\'
AMDEP_FALSE='#'
AMDEP_TRUE=''
AMTAR='$${TAR-tar}'
AM_BACKSLASH='\'
AM_DEFAULT_V='$(AM_DEFAULT_VERBOSITY)'
AM_DEFAULT_VERBOSITY='1'
AM_V='$(V)'
AUTOCONF='autoconf'
AUTOHEADER='autoheader'
AUTOMAKE='automake-1.14'
AWK='gawk'
CC='gcc'
CCDEPMODE='depmode=none'
CFLAGS='-g -O2 -Wall -Wextra -Wno-missing-field-initializers -Wno-unused-parameter'
CPP='gcc -E'
CPPFLAGS=''
CYGPATH_W='echo'
DEFS='-DHAVE_CONFIG_H'
DEPDIR='.deps'
ECHO_C=''
ECHO_N='-n'
ECHO_T=''
EGREP='/usr/bin/grep -E'
EXEEXT=''
GREP='/usr/bin/grep'
INSTALL_DATA='${INSTALL} -m 644'
INSTALL_PROGRAM='${INSTALL}'
INSTALL_SCRIPT='${INSTALL}'
INSTALL_STRIP_PROGRAM='$(install_sh) -c -s'
LDFLAGS=''
LIBOBJS=''
LIBS='-lgmp '
LTLIBOBJS=''
MAKEINFO='makeinfo'
MKDIR_P='/usr/bin/mkdir -p'
OBJEXT='o'
PACKAGE='full-package-name'
PACKAGE_BUGREPORT='BUG-REPORT-ADDRESS'
PACKAGE_NAME='FULL-PACKAGE-NAME'
PACKAGE_STRING='FULL-PACKAGE-NAME VERSION'
PACKAGE_TARNAME='full-package-name'
PACKAGE_URL=''
PACKAGE_VERSION='VERSION'
PATH_SEPARATOR=':'
SET_MAKE=''
SHELL='/bin/bash'
STRIP=''
VERSION='VERSION'
ac_ct_CC='gcc'
am__EXEEXT_FALSE=''
am__EXEEXT_TRUE='#'
am__fastdepCC_FALSE=''
am__fastdepCC_TRUE='#'
am__include='include'
am__isrc=''
am__leading_dot='.'
am__nodep='_no'
am__quote=''
am__tar='$${TAR-tar} chof - "$$tardir"'
am__untar='$${TAR-tar} xf -'
bindir='${exec_prefix}/bin'
build='x86_64-unknown-linux-gnu'
build_alias=''
build_cpu='x86_64'
build_os='linux-gnu'
build_vendor='unknown'
datadir='${datarootdir}'
datarootdir='${prefix}/share'
docdir='${datarootdir}/doc/${PACKAGE_TARNAME}'
dvidir='${docdir}'
exec_prefix='${prefix}'
host='x86_64-unknown-linux-gnu'
host_alias=''
host_cpu='x86_64'
host_os='linux-gnu'
host_vendor='unknown'
htmldir='${docdir}'
includedir='${prefix}/include'
infodir='${datarootdir}/info'
install_sh='${SHELL} /home/kali/Desktop/HTB/support/pycrypto/build-aux/install-sh'
libdir='${exec_prefix}/lib'
libexecdir='${exec_prefix}/libexec'
localedir='${datarootdir}/locale'
localstatedir='${prefix}/var'
mandir='${datarootdir}/man'
mkdir_p='$(MKDIR_P)'
oldincludedir='/usr/include'
pdfdir='${docdir}'
prefix='/usr/local'
program_transform_name='s,x,x,'
psdir='${docdir}'
sbindir='${exec_prefix}/sbin'
sharedstatedir='${prefix}/com'
sysconfdir='${prefix}/etc'
target_alias=''

## ----------- ##
## confdefs.h. ##
## ----------- ##

/* confdefs.h */
#define PACKAGE_NAME "FULL-PACKAGE-NAME"
#define PACKAGE_TARNAME "full-package-name"
#define PACKAGE_VERSION "VERSION"
#define PACKAGE_STRING "FULL-PACKAGE-NAME VERSION"
#define PACKAGE_BUGREPORT "BUG-REPORT-ADDRESS"
#define PACKAGE_URL ""
#define HAVE_MAES 1
#define HAVE_LIBGMP 1
#define HAVE_DECL_MPZ_POWM 1
#define HAVE_DECL_MPZ_POWM_SEC 1
#define STDC_HEADERS 1
#define HAVE_SYS_TYPES_H 1
#define HAVE_SYS_STAT_H 1
#define HAVE_STDLIB_H 1
#define HAVE_STRING_H 1
#define HAVE_MEMORY_H 1
#define HAVE_STRINGS_H 1
#define HAVE_INTTYPES_H 1
#define HAVE_STDINT_H 1
#define HAVE_UNISTD_H 1
#define HAVE_INTTYPES_H 1
#define HAVE_CPUID_H 1
#define HAVE_LIMITS_H 1
#define HAVE_STDDEF_H 1
#define HAVE_STDINT_H 1
#define HAVE_STDLIB_H 1
#define HAVE_STRING_H 1
#define HAVE_WCHAR_H 1
#define HAVE_WMMINTRIN_H 1
#define HAVE_UINTPTR_T 1
#define HAVE_STDLIB_H 1
#define HAVE_MALLOC 1
#define HAVE_MEMMOVE 1
#define HAVE_MEMSET 1
#define HAVE_POSIX_MEMALIGN 1
#define HAVE_ALIGNED_ALLOC 1

configure: exit 0
